Your School All 3 panel/Admin Panel/android/app/build/intermediates/manifest_merge_blame_file/release/processReleaseMainManifest/manifest-merger-blame-release-report.txt
1<?xml version="1.0" encoding="utf-8"?>
2<manifest xmlns:android="http://schemas.android.com/apk/res/android"
3    package="com.yourschool.admin"
4    android:versionCode="2"
5    android:versionName="1.0.1" >
6
7    <uses-sdk
8        android:minSdkVersion="24"
9        android:targetSdkVersion="36" />
10    <!-- Permissions for Admin Mobile App: Media, Camera, Downloads & Hardware Access -->
11    <uses-permission android:name="android.permission.INTERNET" />
11-->src\main\AndroidManifest.xml:4:5-67
11-->src\main\AndroidManifest.xml:4:22-64
12    <uses-permission android:name="android.permission.CAMERA" />
12-->src\main\AndroidManifest.xml:5:5-65
12-->src\main\AndroidManifest.xml:5:22-62
13    <uses-permission android:name="android.permission.ACCESS_NETWORK_STATE" />
13-->src\main\AndroidManifest.xml:6:5-79
13-->src\main\AndroidManifest.xml:6:22-76
14    <uses-permission android:name="android.permission.ACCESS_WIFI_STATE" />
14-->src\main\AndroidManifest.xml:7:5-76
14-->src\main\AndroidManifest.xml:7:22-73
15    <uses-permission android:name="android.permission.POST_NOTIFICATIONS" />
15-->src\main\AndroidManifest.xml:8:5-77
15-->src\main\AndroidManifest.xml:8:22-74
16    <uses-permission android:name="android.permission.VIBRATE" />
16-->src\main\AndroidManifest.xml:9:5-66
16-->src\main\AndroidManifest.xml:9:22-63
17    <uses-permission
17-->src\main\AndroidManifest.xml:10:5-107
18        android:name="android.permission.READ_EXTERNAL_STORAGE"
18-->src\main\AndroidManifest.xml:10:22-77
19        android:maxSdkVersion="32" />
19-->src\main\AndroidManifest.xml:10:78-104
20    <uses-permission
20-->src\main\AndroidManifest.xml:11:5-108
21        android:name="android.permission.WRITE_EXTERNAL_STORAGE"
21-->src\main\AndroidManifest.xml:11:22-78
22        android:maxSdkVersion="28" />
22-->src\main\AndroidManifest.xml:11:79-105
23    <uses-permission android:name="android.permission.READ_MEDIA_IMAGES" />
23-->src\main\AndroidManifest.xml:12:5-76
23-->src\main\AndroidManifest.xml:12:22-73
24    <uses-permission android:name="android.permission.READ_MEDIA_VIDEO" />
24-->src\main\AndroidManifest.xml:13:5-75
24-->src\main\AndroidManifest.xml:13:22-72
25
26    <!-- Optional Features -->
27    <uses-feature
27-->src\main\AndroidManifest.xml:16:5-85
28        android:name="android.hardware.camera"
28-->src\main\AndroidManifest.xml:16:19-57
29        android:required="false" />
29-->src\main\AndroidManifest.xml:16:58-82
30    <uses-feature
30-->src\main\AndroidManifest.xml:17:5-95
31        android:name="android.hardware.camera.autofocus"
31-->src\main\AndroidManifest.xml:17:19-67
32        android:required="false" />
32-->src\main\AndroidManifest.xml:17:68-92
33
34    <queries>
34-->[:capacitor-camera] AndroidManifest.xml:7:5-17:15
35        <intent>
35-->[:capacitor-camera] AndroidManifest.xml:8:9-10:18
36            <action android:name="android.media.action.IMAGE_CAPTURE" />
36-->[:capacitor-camera] AndroidManifest.xml:9:13-73
36-->[:capacitor-camera] AndroidManifest.xml:9:21-70
37        </intent>
38        <intent>
38-->[:capacitor-camera] AndroidManifest.xml:11:9-13:18
39            <action android:name="android.intent.action.GET_CONTENT" />
39-->[:capacitor-camera] AndroidManifest.xml:12:13-72
39-->[:capacitor-camera] AndroidManifest.xml:12:21-69
40        </intent>
41        <intent>
41-->[:capacitor-camera] AndroidManifest.xml:14:9-16:18
42            <action android:name="android.intent.action.PICK" />
42-->[:capacitor-camera] AndroidManifest.xml:15:13-65
42-->[:capacitor-camera] AndroidManifest.xml:15:21-62
43        </intent>
44    </queries>
45
46    <uses-permission android:name="android.permission.USE_CREDENTIALS" />
46-->[:codetrix-studio-capacitor-google-auth] AndroidManifest.xml:7:5-74
46-->[:codetrix-studio-capacitor-google-auth] AndroidManifest.xml:7:22-71
47    <uses-permission android:name="android.permission.WAKE_LOCK" />
47-->[com.google.android.gms:play-services-measurement-api:23.2.0] AndroidManifest.xml:24:5-68
47-->[com.google.android.gms:play-services-measurement-api:23.2.0] AndroidManifest.xml:24:22-65
48    <uses-permission android:name="com.google.android.gms.permission.AD_ID" />
48-->[com.google.android.gms:play-services-measurement-api:23.2.0] AndroidManifest.xml:25:5-79
48-->[com.google.android.gms:play-services-measurement-api:23.2.0] AndroidManifest.xml:25:22-76
49    <uses-permission android:name="android.permission.ACCESS_ADSERVICES_ATTRIBUTION" />
49-->[com.google.android.gms:play-services-measurement-api:23.2.0] AndroidManifest.xml:26:5-88
49-->[com.google.android.gms:play-services-measurement-api:23.2.0] AndroidManifest.xml:26:22-85
50    <uses-permission android:name="android.permission.ACCESS_ADSERVICES_AD_ID" />
50-->[com.google.android.gms:play-services-measurement-api:23.2.0] AndroidManifest.xml:27:5-82
50-->[com.google.android.gms:play-services-measurement-api:23.2.0] AndroidManifest.xml:27:22-79
51    <uses-permission android:name="com.google.android.finsky.permission.BIND_GET_INSTALL_REFERRER_SERVICE" />
51-->[com.google.android.gms:play-services-measurement:23.2.0] AndroidManifest.xml:26:5-110
51-->[com.google.android.gms:play-services-measurement:23.2.0] AndroidManifest.xml:26:22-107
52
53    <permission
53-->[androidx.core:core:1.17.0] AndroidManifest.xml:22:5-24:47
54        android:name="com.yourschool.admin.DYNAMIC_RECEIVER_NOT_EXPORTED_PERMISSION"
54-->[androidx.core:core:1.17.0] AndroidManifest.xml:23:9-81
55        android:protectionLevel="signature" />
55-->[androidx.core:core:1.17.0] AndroidManifest.xml:24:9-44
56
57    <uses-permission android:name="com.yourschool.admin.DYNAMIC_RECEIVER_NOT_EXPORTED_PERMISSION" />
57-->[androidx.core:core:1.17.0] AndroidManifest.xml:26:5-97
57-->[androidx.core:core:1.17.0] AndroidManifest.xml:26:22-94
58
59    <application
59-->src\main\AndroidManifest.xml:19:5-46:19
60        android:allowBackup="true"
60-->src\main\AndroidManifest.xml:20:9-35
61        android:appComponentFactory="androidx.core.app.CoreComponentFactory"
61-->[androidx.core:core:1.17.0] AndroidManifest.xml:28:18-86
62        android:extractNativeLibs="false"
63        android:icon="@mipmap/ic_launcher"
63-->src\main\AndroidManifest.xml:21:9-43
64        android:label="@string/app_name"
64-->src\main\AndroidManifest.xml:22:9-41
65        android:requestLegacyExternalStorage="true"
65-->[io.ionic.libs:ioncamera-android:1.0.2] AndroidManifest.xml:8:18-61
66        android:roundIcon="@mipmap/ic_launcher_round"
66-->src\main\AndroidManifest.xml:23:9-54
67        android:supportsRtl="true"
67-->src\main\AndroidManifest.xml:24:9-35
68        android:theme="@style/AppTheme" >
68-->src\main\AndroidManifest.xml:25:9-40
69        <activity
69-->src\main\AndroidManifest.xml:26:9-37:20
70            android:name="com.yourschool.admin.MainActivity"
70-->src\main\AndroidManifest.xml:28:13-41
71            android:configChanges="orientation|keyboardHidden|keyboard|screenSize|locale|smallestScreenSize|screenLayout|uiMode|navigation|density"
71-->src\main\AndroidManifest.xml:27:13-148
72            android:exported="true"
72-->src\main\AndroidManifest.xml:32:13-36
73            android:label="@string/title_activity_main"
73-->src\main\AndroidManifest.xml:29:13-56
74            android:launchMode="singleTask"
74-->src\main\AndroidManifest.xml:31:13-44
75            android:theme="@style/AppTheme.NoActionBarLaunch" >
75-->src\main\AndroidManifest.xml:30:13-62
76            <intent-filter>
76-->src\main\AndroidManifest.xml:33:13-36:29
77                <action android:name="android.intent.action.MAIN" />
77-->src\main\AndroidManifest.xml:34:17-69
77-->src\main\AndroidManifest.xml:34:25-66
78
79                <category android:name="android.intent.category.LAUNCHER" />
79-->src\main\AndroidManifest.xml:35:17-77
79-->src\main\AndroidManifest.xml:35:27-74
80            </intent-filter>
81        </activity>
82
83        <provider
84            android:name="androidx.core.content.FileProvider"
84-->src\main\AndroidManifest.xml:40:13-62
85            android:authorities="com.yourschool.admin.fileprovider"
85-->src\main\AndroidManifest.xml:41:13-64
86            android:exported="false"
86-->src\main\AndroidManifest.xml:42:13-37
87            android:grantUriPermissions="true" >
87-->src\main\AndroidManifest.xml:43:13-47
88            <meta-data
88-->src\main\AndroidManifest.xml:44:13-112
89                android:name="android.support.FILE_PROVIDER_PATHS"
89-->src\main\AndroidManifest.xml:44:24-74
90                android:resource="@xml/file_paths" />
90-->src\main\AndroidManifest.xml:44:75-109
91        </provider>
92
93        <activity
93-->[io.ionic.libs:ioncamera-android:1.0.2] AndroidManifest.xml:9:9-11:86
94            android:name="io.ionic.libs.ioncameralib.view.IONCAMRLoadingActivity"
94-->[io.ionic.libs:ioncamera-android:1.0.2] AndroidManifest.xml:10:13-82
95            android:theme="@android:style/Theme.Translucent.NoTitleBar.Fullscreen" />
95-->[io.ionic.libs:ioncamera-android:1.0.2] AndroidManifest.xml:11:13-83
96        <activity
96-->[io.ionic.libs:ioncamera-android:1.0.2] AndroidManifest.xml:12:9-16:36
97            android:name="io.ionic.libs.ioncameralib.view.IONCAMRImageEditorActivity"
97-->[io.ionic.libs:ioncamera-android:1.0.2] AndroidManifest.xml:13:13-86
98            android:enableOnBackInvokedCallback="true"
98-->[io.ionic.libs:ioncamera-android:1.0.2] AndroidManifest.xml:14:13-55
99            android:theme="@android:style/Theme.Black.NoTitleBar" />
99-->[io.ionic.libs:ioncamera-android:1.0.2] AndroidManifest.xml:15:13-66
100        <activity
100-->[io.ionic.libs:ioncamera-android:1.0.2] AndroidManifest.xml:17:9-20:86
101            android:name="io.ionic.libs.ioncameralib.view.IONCAMROpenPhotoPickerActivity"
101-->[io.ionic.libs:ioncamera-android:1.0.2] AndroidManifest.xml:18:13-90
102            android:exported="false"
102-->[io.ionic.libs:ioncamera-android:1.0.2] AndroidManifest.xml:19:13-37
103            android:theme="@android:style/Theme.Translucent.NoTitleBar.Fullscreen" /> <!-- Trigger Google Play services to install the backported photo picker module. -->
103-->[io.ionic.libs:ioncamera-android:1.0.2] AndroidManifest.xml:20:13-83
104        <service
104-->[io.ionic.libs:ioncamera-android:1.0.2] AndroidManifest.xml:22:9-34:19
105            android:name="com.google.android.gms.metadata.ModuleDependencies"
105-->[io.ionic.libs:ioncamera-android:1.0.2] AndroidManifest.xml:23:13-78
106            android:enabled="false"
106-->[io.ionic.libs:ioncamera-android:1.0.2] AndroidManifest.xml:24:13-36
107            android:exported="false" >
107-->[io.ionic.libs:ioncamera-android:1.0.2] AndroidManifest.xml:25:13-37
108            <intent-filter>
108-->[io.ionic.libs:ioncamera-android:1.0.2] AndroidManifest.xml:27:13-29:29
109                <action android:name="com.google.android.gms.metadata.MODULE_DEPENDENCIES" />
109-->[io.ionic.libs:ioncamera-android:1.0.2] AndroidManifest.xml:28:17-94
109-->[io.ionic.libs:ioncamera-android:1.0.2] AndroidManifest.xml:28:25-91
110            </intent-filter>
111
112            <meta-data
112-->[io.ionic.libs:ioncamera-android:1.0.2] AndroidManifest.xml:31:13-33:36
113                android:name="photopicker_activity:0:required"
113-->[io.ionic.libs:ioncamera-android:1.0.2] AndroidManifest.xml:32:17-63
114                android:value="" />
114-->[io.ionic.libs:ioncamera-android:1.0.2] AndroidManifest.xml:33:17-33
115        </service>
116
117        <provider
117-->[io.ionic.libs:ioncamera-android:1.0.2] AndroidManifest.xml:36:9-44:20
118            android:name="io.ionic.libs.ioncameralib.IONCAMRFileProvider"
118-->[io.ionic.libs:ioncamera-android:1.0.2] AndroidManifest.xml:37:13-74
119            android:authorities="com.yourschool.admin.camera.provider"
119-->[io.ionic.libs:ioncamera-android:1.0.2] AndroidManifest.xml:38:13-67
120            android:exported="false"
120-->[io.ionic.libs:ioncamera-android:1.0.2] AndroidManifest.xml:39:13-37
121            android:grantUriPermissions="true" >
121-->[io.ionic.libs:ioncamera-android:1.0.2] AndroidManifest.xml:40:13-47
122            <meta-data
122-->src\main\AndroidManifest.xml:44:13-112
123                android:name="android.support.FILE_PROVIDER_PATHS"
123-->src\main\AndroidManifest.xml:44:24-74
124                android:resource="@xml/ioncamera_paths" />
124-->src\main\AndroidManifest.xml:44:75-109
125        </provider>
126
127        <service
127-->[com.google.android.gms:play-services-measurement-api:23.2.0] AndroidManifest.xml:30:9-36:19
128            android:name="com.google.firebase.components.ComponentDiscoveryService"
128-->[com.google.android.gms:play-services-measurement-api:23.2.0] AndroidManifest.xml:31:13-84
129            android:directBootAware="true"
129-->[com.google.firebase:firebase-common:22.2.0] AndroidManifest.xml:32:13-43
130            android:exported="false" >
130-->[com.google.android.gms:play-services-measurement-api:23.2.0] AndroidManifest.xml:32:13-37
131            <meta-data
131-->[com.google.android.gms:play-services-measurement-api:23.2.0] AndroidManifest.xml:33:13-35:85
132                android:name="com.google.firebase.components:com.google.firebase.analytics.connector.internal.AnalyticsConnectorRegistrar"
132-->[com.google.android.gms:play-services-measurement-api:23.2.0] AndroidManifest.xml:34:17-139
133                android:value="com.google.firebase.components.ComponentRegistrar" />
133-->[com.google.android.gms:play-services-measurement-api:23.2.0] AndroidManifest.xml:35:17-82
134            <meta-data
134-->[com.google.firebase:firebase-installations:19.1.2] AndroidManifest.xml:15:13-17:85
135                android:name="com.google.firebase.components:com.google.firebase.installations.FirebaseInstallationsKtxRegistrar"
135-->[com.google.firebase:firebase-installations:19.1.2] AndroidManifest.xml:16:17-130
136                android:value="com.google.firebase.components.ComponentRegistrar" />
136-->[com.google.firebase:firebase-installations:19.1.2] AndroidManifest.xml:17:17-82
137            <meta-data
137-->[com.google.firebase:firebase-installations:19.1.2] AndroidManifest.xml:18:13-20:85
138                android:name="com.google.firebase.components:com.google.firebase.installations.FirebaseInstallationsRegistrar"
138-->[com.google.firebase:firebase-installations:19.1.2] AndroidManifest.xml:19:17-127
139                android:value="com.google.firebase.components.ComponentRegistrar" />
139-->[com.google.firebase:firebase-installations:19.1.2] AndroidManifest.xml:20:17-82
140            <meta-data
140-->[com.google.firebase:firebase-common:22.2.0] AndroidManifest.xml:35:13-37:85
141                android:name="com.google.firebase.components:com.google.firebase.FirebaseCommonKtxRegistrar"
141-->[com.google.firebase:firebase-common:22.2.0] AndroidManifest.xml:36:17-109
142                android:value="com.google.firebase.components.ComponentRegistrar" />
142-->[com.google.firebase:firebase-common:22.2.0] AndroidManifest.xml:37:17-82
143        </service>
144
145        <provider
145-->[com.google.firebase:firebase-common:22.2.0] AndroidManifest.xml:23:9-28:39
146            android:name="com.google.firebase.provider.FirebaseInitProvider"
146-->[com.google.firebase:firebase-common:22.2.0] AndroidManifest.xml:24:13-77
147            android:authorities="com.yourschool.admin.firebaseinitprovider"
147-->[com.google.firebase:firebase-common:22.2.0] AndroidManifest.xml:25:13-72
148            android:directBootAware="true"
148-->[com.google.firebase:firebase-common:22.2.0] AndroidManifest.xml:26:13-43
149            android:exported="false"
149-->[com.google.firebase:firebase-common:22.2.0] AndroidManifest.xml:27:13-37
150            android:initOrder="100" />
150-->[com.google.firebase:firebase-common:22.2.0] AndroidManifest.xml:28:13-36
151
152        <activity
152-->[com.google.android.gms:play-services-auth:18.1.0] AndroidManifest.xml:23:9-27:75
153            android:name="com.google.android.gms.auth.api.signin.internal.SignInHubActivity"
153-->[com.google.android.gms:play-services-auth:18.1.0] AndroidManifest.xml:24:13-93
154            android:excludeFromRecents="true"
154-->[com.google.android.gms:play-services-auth:18.1.0] AndroidManifest.xml:25:13-46
155            android:exported="false"
155-->[com.google.android.gms:play-services-auth:18.1.0] AndroidManifest.xml:26:13-37
156            android:theme="@android:style/Theme.Translucent.NoTitleBar" />
156-->[com.google.android.gms:play-services-auth:18.1.0] AndroidManifest.xml:27:13-72
157        <!--
158            Service handling Google Sign-In user revocation. For apps that do not integrate with
159            Google Sign-In, this service will never be started.
160        -->
161        <service
161-->[com.google.android.gms:play-services-auth:18.1.0] AndroidManifest.xml:33:9-37:51
162            android:name="com.google.android.gms.auth.api.signin.RevocationBoundService"
162-->[com.google.android.gms:play-services-auth:18.1.0] AndroidManifest.xml:34:13-89
163            android:exported="true"
163-->[com.google.android.gms:play-services-auth:18.1.0] AndroidManifest.xml:35:13-36
164            android:permission="com.google.android.gms.auth.api.signin.permission.REVOCATION_NOTIFICATION"
164-->[com.google.android.gms:play-services-auth:18.1.0] AndroidManifest.xml:36:13-107
165            android:visibleToInstantApps="true" />
165-->[com.google.android.gms:play-services-auth:18.1.0] AndroidManifest.xml:37:13-48
166
167        <receiver
167-->[com.google.android.gms:play-services-measurement:23.2.0] AndroidManifest.xml:29:9-33:20
168            android:name="com.google.android.gms.measurement.AppMeasurementReceiver"
168-->[com.google.android.gms:play-services-measurement:23.2.0] AndroidManifest.xml:30:13-85
169            android:enabled="true"
169-->[com.google.android.gms:play-services-measurement:23.2.0] AndroidManifest.xml:31:13-35
170            android:exported="false" >
170-->[com.google.android.gms:play-services-measurement:23.2.0] AndroidManifest.xml:32:13-37
171        </receiver>
172
173        <service
173-->[com.google.android.gms:play-services-measurement:23.2.0] AndroidManifest.xml:35:9-38:40
174            android:name="com.google.android.gms.measurement.AppMeasurementService"
174-->[com.google.android.gms:play-services-measurement:23.2.0] AndroidManifest.xml:36:13-84
175            android:enabled="true"
175-->[com.google.android.gms:play-services-measurement:23.2.0] AndroidManifest.xml:37:13-35
176            android:exported="false" />
176-->[com.google.android.gms:play-services-measurement:23.2.0] AndroidManifest.xml:38:13-37
177        <service
177-->[com.google.android.gms:play-services-measurement:23.2.0] AndroidManifest.xml:39:9-43:72
178            android:name="com.google.android.gms.measurement.AppMeasurementJobService"
178-->[com.google.android.gms:play-services-measurement:23.2.0] AndroidManifest.xml:40:13-87
179            android:enabled="true"
179-->[com.google.android.gms:play-services-measurement:23.2.0] AndroidManifest.xml:41:13-35
180            android:exported="false"
180-->[com.google.android.gms:play-services-measurement:23.2.0] AndroidManifest.xml:42:13-37
181            android:permission="android.permission.BIND_JOB_SERVICE" />
181-->[com.google.android.gms:play-services-measurement:23.2.0] AndroidManifest.xml:43:13-69
182
183        <activity
183-->[com.google.android.gms:play-services-base:18.5.0] AndroidManifest.xml:5:9-173
184            android:name="com.google.android.gms.common.api.GoogleApiActivity"
184-->[com.google.android.gms:play-services-base:18.5.0] AndroidManifest.xml:5:19-85
185            android:exported="false"
185-->[com.google.android.gms:play-services-base:18.5.0] AndroidManifest.xml:5:146-170
186            android:theme="@android:style/Theme.Translucent.NoTitleBar" />
186-->[com.google.android.gms:play-services-base:18.5.0] AndroidManifest.xml:5:86-145
187
188        <provider
188-->[androidx.emoji2:emoji2:1.3.0] AndroidManifest.xml:24:9-32:20
189            android:name="androidx.startup.InitializationProvider"
189-->[androidx.emoji2:emoji2:1.3.0] AndroidManifest.xml:25:13-67
190            android:authorities="com.yourschool.admin.androidx-startup"
190-->[androidx.emoji2:emoji2:1.3.0] AndroidManifest.xml:26:13-68
191            android:exported="false" >
191-->[androidx.emoji2:emoji2:1.3.0] AndroidManifest.xml:27:13-37
192            <meta-data
192-->[androidx.emoji2:emoji2:1.3.0] AndroidManifest.xml:29:13-31:52
193                android:name="androidx.emoji2.text.EmojiCompatInitializer"
193-->[androidx.emoji2:emoji2:1.3.0] AndroidManifest.xml:30:17-75
194                android:value="androidx.startup" />
194-->[androidx.emoji2:emoji2:1.3.0] AndroidManifest.xml:31:17-49
195            <meta-data
195-->[androidx.lifecycle:lifecycle-process:2.6.2] AndroidManifest.xml:29:13-31:52
196                android:name="androidx.lifecycle.ProcessLifecycleInitializer"
196-->[androidx.lifecycle:lifecycle-process:2.6.2] AndroidManifest.xml:30:17-78
197                android:value="androidx.startup" />
197-->[androidx.lifecycle:lifecycle-process:2.6.2] AndroidManifest.xml:31:17-49
198            <meta-data
198-->[androidx.profileinstaller:profileinstaller:1.4.0] AndroidManifest.xml:29:13-31:52
199                android:name="androidx.profileinstaller.ProfileInstallerInitializer"
199-->[androidx.profileinstaller:profileinstaller:1.4.0] AndroidManifest.xml:30:17-85
200                android:value="androidx.startup" />
200-->[androidx.profileinstaller:profileinstaller:1.4.0] AndroidManifest.xml:31:17-49
201        </provider>
202
203        <uses-library
203-->[androidx.privacysandbox.ads:ads-adservices:1.1.0-beta11] AndroidManifest.xml:23:9-25:40
204            android:name="android.ext.adservices"
204-->[androidx.privacysandbox.ads:ads-adservices:1.1.0-beta11] AndroidManifest.xml:24:13-50
205            android:required="false" />
205-->[androidx.privacysandbox.ads:ads-adservices:1.1.0-beta11] AndroidManifest.xml:25:13-37
206        <!--
207        Service for holding metadata. Cannot be instantiated.
208        Metadata will be merged from other manifests.
209        -->
210        <service
210-->[androidx.camera:camera-core:1.4.2] AndroidManifest.xml:29:9-33:78
211            android:name="androidx.camera.core.impl.MetadataHolderService"
211-->[androidx.camera:camera-core:1.4.2] AndroidManifest.xml:30:13-75
212            android:enabled="false"
212-->[androidx.camera:camera-core:1.4.2] AndroidManifest.xml:31:13-36
213            android:exported="false" />
213-->[androidx.camera:camera-core:1.4.2] AndroidManifest.xml:32:13-37
214
215        <meta-data
215-->[com.google.android.gms:play-services-basement:18.9.0] AndroidManifest.xml:21:9-23:69
216            android:name="com.google.android.gms.version"
216-->[com.google.android.gms:play-services-basement:18.9.0] AndroidManifest.xml:22:13-58
217            android:value="@integer/google_play_services_version" />
217-->[com.google.android.gms:play-services-basement:18.9.0] AndroidManifest.xml:23:13-66
218
219        <receiver
219-->[androidx.profileinstaller:profileinstaller:1.4.0] AndroidManifest.xml:34:9-52:20
220            android:name="androidx.profileinstaller.ProfileInstallReceiver"
220-->[androidx.profileinstaller:profileinstaller:1.4.0] AndroidManifest.xml:35:13-76
221            android:directBootAware="false"
221-->[androidx.profileinstaller:profileinstaller:1.4.0] AndroidManifest.xml:36:13-44
222            android:enabled="true"
222-->[androidx.profileinstaller:profileinstaller:1.4.0] AndroidManifest.xml:37:13-35
223            android:exported="true"
223-->[androidx.profileinstaller:profileinstaller:1.4.0] AndroidManifest.xml:38:13-36
224            android:permission="android.permission.DUMP" >
224-->[androidx.profileinstaller:profileinstaller:1.4.0] AndroidManifest.xml:39:13-57
225            <intent-filter>
225-->[androidx.profileinstaller:profileinstaller:1.4.0] AndroidManifest.xml:40:13-42:29
226                <action android:name="androidx.profileinstaller.action.INSTALL_PROFILE" />
226-->[androidx.profileinstaller:profileinstaller:1.4.0] AndroidManifest.xml:41:17-91
226-->[androidx.profileinstaller:profileinstaller:1.4.0] AndroidManifest.xml:41:25-88
227            </intent-filter>
228            <intent-filter>
228-->[androidx.profileinstaller:profileinstaller:1.4.0] AndroidManifest.xml:43:13-45:29
229                <action android:name="androidx.profileinstaller.action.SKIP_FILE" />
229-->[androidx.profileinstaller:profileinstaller:1.4.0] AndroidManifest.xml:44:17-85
229-->[androidx.profileinstaller:profileinstaller:1.4.0] AndroidManifest.xml:44:25-82
230            </intent-filter>
231            <intent-filter>
231-->[androidx.profileinstaller:profileinstaller:1.4.0] AndroidManifest.xml:46:13-48:29
232                <action android:name="androidx.profileinstaller.action.SAVE_PROFILE" />
232-->[androidx.profileinstaller:profileinstaller:1.4.0] AndroidManifest.xml:47:17-88
232-->[androidx.profileinstaller:profileinstaller:1.4.0] AndroidManifest.xml:47:25-85
233            </intent-filter>
234            <intent-filter>
234-->[androidx.profileinstaller:profileinstaller:1.4.0] AndroidManifest.xml:49:13-51:29
235                <action android:name="androidx.profileinstaller.action.BENCHMARK_OPERATION" />
235-->[androidx.profileinstaller:profileinstaller:1.4.0] AndroidManifest.xml:50:17-95
235-->[androidx.profileinstaller:profileinstaller:1.4.0] AndroidManifest.xml:50:25-92
236            </intent-filter>
237        </receiver>
238    </application>
239
240</manifest>